
Processing C:\Users\jigglypuff\Documents\Visual Studio 2013\Projects\Exact Ferret\Exact Ferret\Installation Files\Exact Ferret.ci 9/6/2014 8:58:06 AM
Log file: C:\Users\jigglypuff\Documents\Visual Studio 2013\Projects\Exact Ferret\Exact Ferret\Installation Files\Exact Ferret.log 
Generating Sources... 
Compiling Gentee Sources... 
Build setup file: C:\Users\jigglypuff\Documents\Visual Studio 2013\Projects\Exact Ferret\Exact Ferret\Installation Files\Dist\InstallExactFerret.exe 
Adding temporary file(s) to EXE 
C:\Users\JIGGLY~1\AppData\Local\Temp\1\gentee01\english.lng 9/6/2014 8:58:07 AM 621  62.96%
C:\Program Files (x86)\CreateInstall Free\res\logo\default - 1.bmp 11/5/2002 1:52:24 AM 7308  52.50%
C:\Program Files (x86)\CreateInstall Free\res\leftimg\install\install - 1.bmp 11/10/2002 1:56:02 AM 20678  33.42%
C:\Program Files (x86)\CreateInstall Free\res\leftimg\uninstall\uninstall - 1.bmp 11/10/2002 1:56:02 AM 20678  28.17%
Getting list of files 
Packing files... 
================================ 
C:\Users\jigglypuff\Documents\Visual Studio 2013\Projects\Exact Ferret\Exact Ferret\Installation Files\Files\InstallExactFerret-admin.exe 9/6/2014 8:57:55 AM 4944138  94.65%
C:\Users\jigglypuff\Documents\Visual Studio 2013\Projects\Exact Ferret\Exact Ferret\Installation Files\Scripts\SetRunValues.ps1 9/6/2014 7:43:07 AM 1189  29.52%
C:\Users\jigglypuff\Documents\Visual Studio 2013\Projects\Exact Ferret\Exact Ferret\Installation Files\Scripts\WaitForUninstaller.ps1 4/2/2014 1:26:16 PM 78  100.00%
C:\Users\jigglypuff\Documents\Visual Studio 2013\Projects\Exact Ferret\Exact Ferret\Installation Files\Scripts\CheckIfCancelled.ps1 3/20/2014 5:58:16 PM 378  48.14%
C:\Users\jigglypuff\Documents\Visual Studio 2013\Projects\Exact Ferret\Exact Ferret\Installation Files\Scripts\WaitForAdminInstaller.ps1 3/20/2014 5:47:56 PM 90  55.55%
C:\Users\jigglypuff\Documents\Visual Studio 2013\Projects\Exact Ferret\Exact Ferret\Installation Files\Scripts\PostInstall.ps1 6/21/2014 9:36:18 AM 266  51.12%
C:\Users\jigglypuff\Documents\Visual Studio 2013\Projects\Exact Ferret\Exact Ferret\Installation Files\Scripts\Uninstall2.exe 2/4/2014 8:15:32 AM 311296  85.41%
C:\Users\jigglypuff\Documents\Visual Studio 2013\Projects\Exact Ferret\Exact Ferret\Installation Files\Scripts\Uninstall300.exe 2/28/2014 7:35:02 AM 210944  0.88%
C:\Users\jigglypuff\Documents\Visual Studio 2013\Projects\Exact Ferret\Exact Ferret\Installation Files\Scripts\StartExactFerret.ps1 3/20/2014 7:13:16 AM 239  52.71%
C:\Users\jigglypuff\Documents\Visual Studio 2013\Projects\Exact Ferret\Exact Ferret\Installation Files\Scripts\ConfigureExactFerretNow.ps1 3/16/2014 7:26:40 PM 239  20.92%
C:\Users\jigglypuff\Documents\Visual Studio 2013\Projects\Exact Ferret\Exact Ferret\Installation Files\Scripts\ClearTempPath.ps1 3/24/2014 6:31:10 AM 84  50.00%
================================ 
All files: 11 [ 5340KB => 4832KB ] 
File Size C:\Users\jigglypuff\Documents\Visual Studio 2013\Projects\Exact Ferret\Exact Ferret\Installation Files\Dist\InstallExactFerret.exe: 4957 KB 
Finish Successful 9/6/2014 8:58:10 AM