
Processing C:\Users\jigglypuff\Documents\Visual Studio 2013\Projects\Exact Ferret\Exact Ferret\Installation Files\Exact Ferret-admin.ci 9/6/2014 8:57:47 AM
Log file: C:\Users\jigglypuff\Documents\Visual Studio 2013\Projects\Exact Ferret\Exact Ferret\Installation Files\Exact Ferret-admin.log 
Generating Sources... 
Compiling Gentee Sources... 
Build setup file: C:\Users\jigglypuff\Documents\Visual Studio 2013\Projects\Exact Ferret\Exact Ferret\Installation Files\Files\InstallExactFerret-admin.exe 
Adding temporary file(s) to EXE 
C:\Users\JIGGLY~1\AppData\Local\Temp\1\gentee01\english.lng 9/6/2014 8:57:48 AM 3503  45.18%
C:\Program Files (x86)\CreateInstall Free\res\logo\default - 1.bmp 11/5/2002 1:52:24 AM 7308  52.50%
C:\Users\jigglypuff\Documents\Visual Studio 2013\Projects\Exact Ferret\Exact Ferret\Resources\ferret.jpg 2/19/2014 12:40:30 PM 14575  96.32%
Build setup file: C:\Users\JIGGLY~1\AppData\Local\Temp\1\gentee01\uninstall.exe 
Adding uninstall file(s) to EXE 
Getting list of files 
Packing files... 
================================ 
C:\Users\jigglypuff\Documents\Visual Studio 2013\Projects\Exact Ferret\Exact Ferret\Installation Files\Scripts\StopExactFerret.ps1 3/15/2014 12:45:06 PM 552  38.40%
C:\Users\jigglypuff\Documents\Visual Studio 2013\Projects\Exact Ferret\Exact Ferret\Installation Files\Scripts\CreateHelpShortcut.ps1 7/2/2014 7:10:08 AM 399  70.92%
C:\Users\jigglypuff\Documents\Visual Studio 2013\Projects\Exact Ferret\Exact Ferret\Installation Files\Scripts\SetPathEnvVar.ps1 6/25/2014 8:01:00 PM 158  75.94%
C:\Users\jigglypuff\Documents\Visual Studio 2013\Projects\Exact Ferret\Exact Ferret\Installation Files\Scripts\UnsetPathEnvVar.ps1 6/25/2014 8:01:10 PM 188  33.51%
C:\Users\jigglypuff\Documents\Visual Studio 2013\Projects\Exact Ferret\Exact Ferret\Installation Files\Scripts\SaveSetupPathTempFile.ps1 3/16/2014 7:19:38 PM 121  66.11%
C:\Users\jigglypuff\Documents\Visual Studio 2013\Projects\Exact Ferret\Exact Ferret\Installation Files\Scripts\Windows7LockUnprep.ps1 2/28/2014 5:36:08 PM 101  101.98%
C:\Users\jigglypuff\Documents\Visual Studio 2013\Projects\Exact Ferret\Exact Ferret\Installation Files\Scripts\UnsetMachineEnvVar.ps1 2/28/2014 5:15:42 PM 70  71.42%
C:\Users\jigglypuff\Documents\Visual Studio 2013\Projects\Exact Ferret\Exact Ferret\Installation Files\Scripts\SetMachineEnvVar.ps1 6/25/2014 8:00:46 PM 112  30.35%
C:\Users\jigglypuff\Documents\Visual Studio 2013\Projects\Exact Ferret\Exact Ferret\Installation Files\Scripts\Windows7LockPrep.ps1 7/3/2014 9:27:05 AM 262  58.77%
C:\Users\jigglypuff\Documents\Visual Studio 2013\Projects\Exact Ferret\Exact Ferret\bin\x64\Release\Exact Ferret.exe 9/6/2014 8:55:19 AM 438784  26.57%
C:\Users\jigglypuff\Documents\Visual Studio 2013\Projects\Exact Ferret\JpegMetaData\bin\x86\Release\JpegMetaData.exe 9/6/2014 8:55:18 AM 9216  31.58%
C:\Users\jigglypuff\Documents\Visual Studio 2013\Projects\Exact Ferret\Exact Ferret\bin\x64\Release\Newtonsoft.Json.dll 2/1/2014 2:17:06 PM 491008  38.50%
C:\Users\jigglypuff\Documents\Visual Studio 2013\Projects\Exact Ferret\Exact Ferret\Installation Files\Files\vcomp100.dll 3/8/2014 9:52:36 AM 51024  50.61%
C:\Users\jigglypuff\Documents\Visual Studio 2013\Projects\Exact Ferret\Exact Ferret\bin\x64\Release\Exact Ferret.exe.config 9/5/2014 7:05:04 AM 9461  9.56%
C:\Users\jigglypuff\Documents\Visual Studio 2013\Projects\Exact Ferret\Exact Ferret\Installation Files\Files\blank.jpg 6/19/2014 3:01:27 PM 8227  0.80%
C:\Users\jigglypuff\Documents\Visual Studio 2013\Projects\Exact Ferret\Exact Ferret\Installation Files\Files\convert.exe 8/25/2014 8:44:01 PM 9236480  42.70%
C:\Users\jigglypuff\Documents\Visual Studio 2013\Projects\Exact Ferret\Tray Icon\bin\x64\Release\Exact Ferret Tray Icon.exe 9/6/2014 8:55:19 AM 140800  9.61%
C:\Users\jigglypuff\Documents\Visual Studio 2013\Projects\Exact Ferret\Exact Ferret\Installation Files\Files\bin\ef.bat 6/25/2014 8:11:02 PM 82  106.09%
C:\Users\jigglypuff\Documents\Visual Studio 2013\Projects\Exact Ferret\Exact Ferret\Installation Files\Files\dictionary.txt 4/8/2014 10:51:28 AM 703149  29.81%
C:\Users\jigglypuff\Documents\Visual Studio 2013\Projects\Exact Ferret\Exact Ferret\Installation Files\Files\Dictionaries\Animals.txt 3/31/2014 3:34:12 PM 16951  35.82%
C:\Users\jigglypuff\Documents\Visual Studio 2013\Projects\Exact Ferret\Exact Ferret\Installation Files\Files\Dictionaries\FamousFemales.txt 4/9/2014 6:50:04 AM 1788  58.72%
C:\Users\jigglypuff\Documents\Visual Studio 2013\Projects\Exact Ferret\Exact Ferret\Installation Files\Files\Dictionaries\FamousMales.txt 4/9/2014 7:00:12 AM 1834  55.50%
C:\Users\jigglypuff\Documents\Visual Studio 2013\Projects\Exact Ferret\Exact Ferret\Installation Files\Files\Dictionaries\Flowers.txt 3/31/2014 3:34:12 PM 3427  46.60%
C:\Users\jigglypuff\Documents\Visual Studio 2013\Projects\Exact Ferret\Exact Ferret\Installation Files\Files\Dictionaries\MoviesAndTelevision.txt 3/31/2014 4:07:38 PM 63835  41.39%
C:\Users\jigglypuff\Documents\Visual Studio 2013\Projects\Exact Ferret\Exact Ferret\Installation Files\Files\Dictionaries\Nature.txt 3/31/2014 3:43:56 PM 612  49.67%
C:\Users\jigglypuff\Documents\Visual Studio 2013\Projects\Exact Ferret\Exact Ferret\Installation Files\Files\Dictionaries\Pokemon.txt 3/31/2014 3:34:12 PM 6777  51.23%
C:\Users\jigglypuff\Documents\Visual Studio 2013\Projects\Exact Ferret\Exact Ferret\Installation Files\Files\Dictionaries\VideoGames.txt 3/31/2014 4:00:36 PM 7019  35.70%
C:\Users\jigglypuff\Documents\Visual Studio 2013\Projects\Exact Ferret\Exact Ferret\Installation Files\Files\Dictionaries\World.txt 3/31/2014 3:45:28 PM 5532  47.52%
Duplicate: C:\Users\jigglypuff\Documents\Visual Studio 2013\Projects\Exact Ferret\Exact Ferret\Installation Files\Files\dictionary.txt 
C:\Users\jigglypuff\Documents\Visual Studio 2013\Projects\Exact Ferret\Exact Ferret\Installation Files\Files\dictionary.txt 4/8/2014 10:51:28 AM 703149  29.81%
Duplicate: C:\Users\jigglypuff\Documents\Visual Studio 2013\Projects\Exact Ferret\Exact Ferret\Installation Files\Files\Dictionaries\Animals.txt 
C:\Users\jigglypuff\Documents\Visual Studio 2013\Projects\Exact Ferret\Exact Ferret\Installation Files\Files\Dictionaries\Animals.txt 3/31/2014 3:34:12 PM 16951  35.82%
Duplicate: C:\Users\jigglypuff\Documents\Visual Studio 2013\Projects\Exact Ferret\Exact Ferret\Installation Files\Files\Dictionaries\FamousFemales.txt 
C:\Users\jigglypuff\Documents\Visual Studio 2013\Projects\Exact Ferret\Exact Ferret\Installation Files\Files\Dictionaries\FamousFemales.txt 4/9/2014 6:50:04 AM 1788  58.72%
Duplicate: C:\Users\jigglypuff\Documents\Visual Studio 2013\Projects\Exact Ferret\Exact Ferret\Installation Files\Files\Dictionaries\FamousMales.txt 
C:\Users\jigglypuff\Documents\Visual Studio 2013\Projects\Exact Ferret\Exact Ferret\Installation Files\Files\Dictionaries\FamousMales.txt 4/9/2014 7:00:12 AM 1834  55.50%
Duplicate: C:\Users\jigglypuff\Documents\Visual Studio 2013\Projects\Exact Ferret\Exact Ferret\Installation Files\Files\Dictionaries\Flowers.txt 
C:\Users\jigglypuff\Documents\Visual Studio 2013\Projects\Exact Ferret\Exact Ferret\Installation Files\Files\Dictionaries\Flowers.txt 3/31/2014 3:34:12 PM 3427  46.60%
Duplicate: C:\Users\jigglypuff\Documents\Visual Studio 2013\Projects\Exact Ferret\Exact Ferret\Installation Files\Files\Dictionaries\MoviesAndTelevision.txt 
C:\Users\jigglypuff\Documents\Visual Studio 2013\Projects\Exact Ferret\Exact Ferret\Installation Files\Files\Dictionaries\MoviesAndTelevision.txt 3/31/2014 4:07:38 PM 63835  41.39%
Duplicate: C:\Users\jigglypuff\Documents\Visual Studio 2013\Projects\Exact Ferret\Exact Ferret\Installation Files\Files\Dictionaries\Nature.txt 
C:\Users\jigglypuff\Documents\Visual Studio 2013\Projects\Exact Ferret\Exact Ferret\Installation Files\Files\Dictionaries\Nature.txt 3/31/2014 3:43:56 PM 612  49.67%
Duplicate: C:\Users\jigglypuff\Documents\Visual Studio 2013\Projects\Exact Ferret\Exact Ferret\Installation Files\Files\Dictionaries\Pokemon.txt 
C:\Users\jigglypuff\Documents\Visual Studio 2013\Projects\Exact Ferret\Exact Ferret\Installation Files\Files\Dictionaries\Pokemon.txt 3/31/2014 3:34:12 PM 6777  51.23%
Duplicate: C:\Users\jigglypuff\Documents\Visual Studio 2013\Projects\Exact Ferret\Exact Ferret\Installation Files\Files\Dictionaries\VideoGames.txt 
C:\Users\jigglypuff\Documents\Visual Studio 2013\Projects\Exact Ferret\Exact Ferret\Installation Files\Files\Dictionaries\VideoGames.txt 3/31/2014 4:00:36 PM 7019  35.70%
Duplicate: C:\Users\jigglypuff\Documents\Visual Studio 2013\Projects\Exact Ferret\Exact Ferret\Installation Files\Files\Dictionaries\World.txt 
C:\Users\jigglypuff\Documents\Visual Studio 2013\Projects\Exact Ferret\Exact Ferret\Installation Files\Files\Dictionaries\World.txt 3/31/2014 3:45:28 PM 5532  47.52%
C:\Users\jigglypuff\Documents\Visual Studio 2013\Projects\Exact Ferret\Exact Ferret\Installation Files\Files\openHelpAfter 3/16/2014 6:04:44 PM 0  0.00%
C:\Users\jigglypuff\Documents\Visual Studio 2013\Projects\Exact Ferret\Exact Ferret\Installation Files\Files\finished 3/16/2014 6:04:44 PM 0  0.00%
================================ 
All files: 40 [ 11727KB => 4691KB ] 
File Size C:\Users\jigglypuff\Documents\Visual Studio 2013\Projects\Exact Ferret\Exact Ferret\Installation Files\Files\InstallExactFerret-admin.exe: 4828 KB 
Finish Successful 9/6/2014 8:57:55 AM